<?xml version="1.0" encoding="UTF-8"?>
<coverage generated="1542504627636" clover="3.2.0">
  <project timestamp="1542504627636" name="All files">
    <metrics statements="339" coveredstatements="147" conditionals="77" coveredconditionals="49" methods="99" coveredmethods="34" elements="515" coveredelements="230" complexity="0" loc="339" ncloc="339" packages="5" files="6" classes="6">
      <package name="backend">
        <metrics statements="110" coveredstatements="0" conditionals="18" coveredconditionals="0" methods="39" coveredmethods="0"/>
        <file name="express-route-handlers.js" path="/Volumes/encased/dev-portal/aws-api-gateway-developer-portal/lambdas/backend/express-route-handlers.js">
          <metrics statements="106" coveredstatements="0" conditionals="18" coveredconditionals="0" methods="38" coveredmethods="0"/>
          <line num="1" count="0" type="stmt"/>
          <line num="2" count="0" type="stmt"/>
          <line num="3" count="0" type="stmt"/>
          <line num="4" count="0" type="stmt"/>
          <line num="8" count="0" type="stmt"/>
          <line num="9" count="0" type="stmt"/>
          <line num="12" count="0" type="stmt"/>
          <line num="16" count="0" type="stmt"/>
          <line num="17" count="0" type="stmt"/>
          <line num="21" count="0" type="stmt"/>
          <line num="24" count="0" type="stmt"/>
          <line num="25" count="0" type="stmt"/>
          <line num="29" count="0" type="stmt"/>
          <line num="30" count="0" type="stmt"/>
          <line num="32" count="0" type="cond" truecount="0" falsecount="2"/>
          <line num="33" count="0" type="stmt"/>
          <line num="35" count="0" type="stmt"/>
          <line num="36" count="0" type="stmt"/>
          <line num="37" count="0" type="stmt"/>
          <line num="39" count="0" type="stmt"/>
          <line num="41" count="0" type="stmt"/>
          <line num="42" count="0" type="stmt"/>
          <line num="46" count="0" type="stmt"/>
          <line num="48" count="0" type="stmt"/>
          <line num="49" count="0" type="stmt"/>
          <line num="56" count="0" type="stmt"/>
          <line num="57" count="0" type="stmt"/>
          <line num="58" count="0" type="stmt"/>
          <line num="62" count="0" type="stmt"/>
          <line num="65" count="0" type="stmt"/>
          <line num="66" count="0" type="stmt"/>
          <line num="69" count="0" type="stmt"/>
          <line num="70" count="0" type="cond" truecount="0" falsecount="2"/>
          <line num="71" count="0" type="stmt"/>
          <line num="73" count="0" type="stmt"/>
          <line num="74" count="0" type="stmt"/>
          <line num="78" count="0" type="stmt"/>
          <line num="84" count="0" type="stmt"/>
          <line num="87" count="0" type="stmt"/>
          <line num="88" count="0" type="stmt"/>
          <line num="91" count="0" type="stmt"/>
          <line num="92" count="0" type="stmt"/>
          <line num="97" count="0" type="stmt"/>
          <line num="98" count="0" type="stmt"/>
          <line num="100" count="0" type="stmt"/>
          <line num="101" count="0" type="stmt"/>
          <line num="104" count="0" type="stmt"/>
          <line num="105" count="0" type="stmt"/>
          <line num="109" count="0" type="stmt"/>
          <line num="112" count="0" type="cond" truecount="0" falsecount="2"/>
          <line num="113" count="0" type="stmt"/>
          <line num="115" count="0" type="stmt"/>
          <line num="121" count="0" type="stmt"/>
          <line num="122" count="0" type="stmt"/>
          <line num="125" count="0" type="stmt"/>
          <line num="126" count="0" type="stmt"/>
          <line num="129" count="0" type="stmt"/>
          <line num="130" count="0" type="stmt"/>
          <line num="133" count="0" type="cond" truecount="0" falsecount="2"/>
          <line num="134" count="0" type="stmt"/>
          <line num="136" count="0" type="stmt"/>
          <line num="137" count="0" type="stmt"/>
          <line num="139" count="0" type="stmt"/>
          <line num="147" count="0" type="stmt"/>
          <line num="148" count="0" type="cond" truecount="0" falsecount="2"/>
          <line num="149" count="0" type="stmt"/>
          <line num="150" count="0" type="stmt"/>
          <line num="152" count="0" type="stmt"/>
          <line num="153" count="0" type="stmt"/>
          <line num="162" count="0" type="stmt"/>
          <line num="163" count="0" type="stmt"/>
          <line num="166" count="0" type="stmt"/>
          <line num="167" count="0" type="stmt"/>
          <line num="171" count="0" type="stmt"/>
          <line num="174" count="0" type="stmt"/>
          <line num="175" count="0" type="stmt"/>
          <line num="177" count="0" type="cond" truecount="0" falsecount="2"/>
          <line num="178" count="0" type="stmt"/>
          <line num="180" count="0" type="stmt"/>
          <line num="189" count="0" type="stmt"/>
          <line num="191" count="0" type="cond" truecount="0" falsecount="4"/>
          <line num="192" count="0" type="stmt"/>
          <line num="196" count="0" type="stmt"/>
          <line num="199" count="0" type="stmt"/>
          <line num="200" count="0" type="stmt"/>
          <line num="204" count="0" type="stmt"/>
          <line num="207" count="0" type="stmt"/>
          <line num="211" count="0" type="stmt"/>
          <line num="212" count="0" type="stmt"/>
          <line num="213" count="0" type="stmt"/>
          <line num="214" count="0" type="stmt"/>
          <line num="215" count="0" type="stmt"/>
          <line num="218" count="0" type="stmt"/>
          <line num="219" count="0" type="stmt"/>
          <line num="223" count="0" type="stmt"/>
          <line num="227" count="0" type="stmt"/>
          <line num="230" count="0" type="stmt"/>
          <line num="232" count="0" type="stmt"/>
          <line num="237" count="0" type="stmt"/>
          <line num="238" count="0" type="cond" truecount="0" falsecount="2"/>
          <line num="239" count="0" type="stmt"/>
          <line num="240" count="0" type="stmt"/>
          <line num="242" count="0" type="stmt"/>
          <line num="246" count="0" type="stmt"/>
          <line num="247" count="0" type="stmt"/>
          <line num="252" count="0" type="stmt"/>
        </file>
        <file name="index.js" path="/Volumes/encased/dev-portal/aws-api-gateway-developer-portal/lambdas/backend/index.js">
          <metrics statements="4" coveredstatements="0" conditionals="0" coveredconditionals="0" methods="1" coveredmethods="0"/>
          <line num="5" count="0" type="stmt"/>
          <line num="6" count="0" type="stmt"/>
          <line num="7" count="0" type="stmt"/>
          <line num="9" count="0" type="stmt"/>
        </file>
      </package>
      <package name="catalog-updater">
        <metrics statements="83" coveredstatements="80" conditionals="21" coveredconditionals="20" methods="16" coveredmethods="16"/>
        <file name="index.js" path="/Volumes/encased/dev-portal/aws-api-gateway-developer-portal/lambdas/catalog-updater/index.js">
          <metrics statements="83" coveredstatements="80" conditionals="21" coveredconditionals="20" methods="16" coveredmethods="16"/>
          <line num="9" count="1" type="stmt"/>
          <line num="10" count="1" type="stmt"/>
          <line num="11" count="1" type="stmt"/>
          <line num="12" count="1" type="stmt"/>
          <line num="17" count="4" type="stmt"/>
          <line num="18" count="4" type="stmt"/>
          <line num="20" count="4" type="stmt"/>
          <line num="21" count="80" type="stmt"/>
          <line num="27" count="4" type="stmt"/>
          <line num="40" count="13" type="stmt"/>
          <line num="41" count="13" type="cond" truecount="3" falsecount="0"/>
          <line num="42" count="13" type="stmt"/>
          <line num="43" count="13" type="cond" truecount="4" falsecount="0"/>
          <line num="44" count="13" type="cond" truecount="2" falsecount="0"/>
          <line num="65" count="6" type="stmt"/>
          <line num="69" count="6" type="stmt"/>
          <line num="70" count="6" type="stmt"/>
          <line num="71" count="6" type="stmt"/>
          <line num="73" count="6" type="stmt"/>
          <line num="75" count="6" type="stmt"/>
          <line num="77" count="6" type="stmt"/>
          <line num="79" count="6" type="stmt"/>
          <line num="80" count="6" type="stmt"/>
          <line num="82" count="0" type="stmt"/>
          <line num="83" count="0" type="stmt"/>
          <line num="85" count="0" type="stmt"/>
          <line num="94" count="6" type="stmt"/>
          <line num="96" count="6" type="cond" truecount="2" falsecount="0"/>
          <line num="97" count="2" type="stmt"/>
          <line num="98" count="2" type="stmt"/>
          <line num="99" count="2" type="stmt"/>
          <line num="104" count="4" type="cond" truecount="2" falsecount="0"/>
          <line num="105" count="2" type="stmt"/>
          <line num="106" count="2" type="stmt"/>
          <line num="110" count="2" type="cond" truecount="4" falsecount="0"/>
          <line num="113" count="1" type="stmt"/>
          <line num="114" count="1" type="stmt"/>
          <line num="115" count="1" type="stmt"/>
          <line num="116" count="1" type="stmt"/>
          <line num="120" count="1" type="cond" truecount="3" falsecount="1"/>
          <line num="123" count="1" type="stmt"/>
          <line num="124" count="1" type="stmt"/>
          <line num="125" count="1" type="stmt"/>
          <line num="126" count="1" type="stmt"/>
          <line num="129" count="6" type="stmt"/>
          <line num="168" count="1" type="stmt"/>
          <line num="176" count="1" type="stmt"/>
          <line num="177" count="1" type="stmt"/>
          <line num="179" count="1" type="stmt"/>
          <line num="181" count="1" type="stmt"/>
          <line num="184" count="1" type="stmt"/>
          <line num="185" count="1" type="stmt"/>
          <line num="186" count="1" type="stmt"/>
          <line num="188" count="1" type="stmt"/>
          <line num="189" count="1" type="stmt"/>
          <line num="194" count="1" type="stmt"/>
          <line num="198" count="1" type="stmt"/>
          <line num="200" count="1" type="stmt"/>
          <line num="205" count="1" type="stmt"/>
          <line num="207" count="1" type="stmt"/>
          <line num="208" count="1" type="stmt"/>
          <line num="209" count="1" type="stmt"/>
          <line num="210" count="1" type="stmt"/>
          <line num="213" count="1" type="stmt"/>
          <line num="214" count="3" type="stmt"/>
          <line num="216" count="1" type="stmt"/>
          <line num="217" count="1" type="stmt"/>
          <line num="218" count="1" type="stmt"/>
          <line num="219" count="1" type="stmt"/>
          <line num="223" count="1" type="stmt"/>
          <line num="225" count="1" type="stmt"/>
          <line num="234" count="1" type="stmt"/>
          <line num="236" count="1" type="stmt"/>
          <line num="237" count="1" type="stmt"/>
          <line num="241" count="1" type="stmt"/>
          <line num="243" count="1" type="stmt"/>
          <line num="244" count="1" type="stmt"/>
          <line num="248" count="1" type="stmt"/>
          <line num="252" count="1" type="stmt"/>
          <line num="258" count="1" type="stmt"/>
          <line num="260" count="1" type="stmt"/>
          <line num="261" count="1" type="stmt"/>
          <line num="273" count="1" type="stmt"/>
        </file>
      </package>
      <package name="cognito-user-pools-confirmation-strategy">
        <metrics statements="2" coveredstatements="2" conditionals="0" coveredconditionals="0" methods="1" coveredmethods="1"/>
        <file name="index.js" path="/Volumes/encased/dev-portal/aws-api-gateway-developer-portal/lambdas/cognito-user-pools-confirmation-strategy/index.js">
          <metrics statements="2" coveredstatements="2" conditionals="0" coveredconditionals="0" methods="1" coveredmethods="1"/>
          <line num="8" count="1" type="stmt"/>
          <line num="9" count="1" type="stmt"/>
        </file>
      </package>
      <package name="listener">
        <metrics statements="36" coveredstatements="0" conditionals="5" coveredconditionals="0" methods="11" coveredmethods="0"/>
        <file name="index.js" path="/Volumes/encased/dev-portal/aws-api-gateway-developer-portal/lambdas/listener/index.js">
          <metrics statements="36" coveredstatements="0" conditionals="5" coveredconditionals="0" methods="11" coveredmethods="0"/>
          <line num="5" count="0" type="stmt"/>
          <line num="7" count="0" type="stmt"/>
          <line num="9" count="0" type="stmt"/>
          <line num="10" count="0" type="stmt"/>
          <line num="12" count="0" type="stmt"/>
          <line num="14" count="0" type="stmt"/>
          <line num="15" count="0" type="stmt"/>
          <line num="16" count="0" type="stmt"/>
          <line num="18" count="0" type="stmt"/>
          <line num="20" count="0" type="stmt"/>
          <line num="21" count="0" type="stmt"/>
          <line num="23" count="0" type="stmt"/>
          <line num="24" count="0" type="stmt"/>
          <line num="26" count="0" type="stmt"/>
          <line num="27" count="0" type="stmt"/>
          <line num="29" count="0" type="stmt"/>
          <line num="30" count="0" type="stmt"/>
          <line num="32" count="0" type="stmt"/>
          <line num="33" count="0" type="stmt"/>
          <line num="34" count="0" type="stmt"/>
          <line num="39" count="0" type="stmt"/>
          <line num="42" count="0" type="stmt"/>
          <line num="43" count="0" type="stmt"/>
          <line num="47" count="0" type="stmt"/>
          <line num="48" count="0" type="stmt"/>
          <line num="50" count="0" type="stmt"/>
          <line num="51" count="0" type="stmt"/>
          <line num="52" count="0" type="stmt"/>
          <line num="59" count="0" type="stmt"/>
          <line num="62" count="0" type="stmt"/>
          <line num="63" count="0" type="stmt"/>
          <line num="67" count="0" type="stmt"/>
          <line num="68" count="0" type="stmt"/>
          <line num="70" count="0" type="stmt"/>
          <line num="71" count="0" type="stmt"/>
          <line num="72" count="0" type="stmt"/>
        </file>
      </package>
      <package name="static-asset-uploader">
        <metrics statements="108" coveredstatements="65" conditionals="33" coveredconditionals="29" methods="32" coveredmethods="17"/>
        <file name="index.js" path="/Volumes/encased/dev-portal/aws-api-gateway-developer-portal/lambdas/static-asset-uploader/index.js">
          <metrics statements="108" coveredstatements="65" conditionals="33" coveredconditionals="29" methods="32" coveredmethods="17"/>
          <line num="3" count="1" type="stmt"/>
          <line num="4" count="1" type="stmt"/>
          <line num="5" count="1" type="stmt"/>
          <line num="6" count="1" type="stmt"/>
          <line num="7" count="1" type="stmt"/>
          <line num="8" count="1" type="stmt"/>
          <line num="9" count="1" type="stmt"/>
          <line num="23" count="1" type="stmt"/>
          <line num="24" count="1" type="stmt"/>
          <line num="36" count="2" type="cond" truecount="2" falsecount="0"/>
          <line num="37" count="2" type="stmt"/>
          <line num="50" count="4" type="stmt"/>
          <line num="51" count="5" type="stmt"/>
          <line num="53" count="4" type="stmt"/>
          <line num="64" count="2" type="stmt"/>
          <line num="77" count="10" type="stmt"/>
          <line num="78" count="10" type="stmt"/>
          <line num="80" count="10" type="cond" truecount="2" falsecount="0"/>
          <line num="81" count="10" type="cond" truecount="2" falsecount="0"/>
          <line num="82" count="10" type="cond" truecount="2" falsecount="0"/>
          <line num="83" count="10" type="cond" truecount="5" falsecount="0"/>
          <line num="86" count="10" type="cond" truecount="2" falsecount="0"/>
          <line num="88" count="10" type="stmt"/>
          <line num="100" count="1" type="stmt"/>
          <line num="101" count="1" type="stmt"/>
          <line num="102" count="2" type="cond" truecount="2" falsecount="0"/>
          <line num="103" count="2" type="stmt"/>
          <line num="116" count="1" type="stmt"/>
          <line num="117" count="3" type="stmt"/>
          <line num="119" count="6" type="cond" truecount="2" falsecount="0"/>
          <line num="120" count="2" type="stmt"/>
          <line num="121" count="2" type="stmt"/>
          <line num="124" count="4" type="cond" truecount="2" falsecount="0"/>
          <line num="125" count="2" type="stmt"/>
          <line num="129" count="2" type="cond" truecount="2" falsecount="0"/>
          <line num="130" count="1" type="stmt"/>
          <line num="131" count="1" type="stmt"/>
          <line num="135" count="1" type="stmt"/>
          <line num="137" count="6" type="stmt"/>
          <line num="151" count="2" type="stmt"/>
          <line num="155" count="2" type="stmt"/>
          <line num="157" count="2" type="stmt"/>
          <line num="158" count="2" type="stmt"/>
          <line num="159" count="2" type="stmt"/>
          <line num="160" count="2" type="stmt"/>
          <line num="162" count="2" type="stmt"/>
          <line num="169" count="2" type="cond" truecount="2" falsecount="0"/>
          <line num="170" count="1" type="stmt"/>
          <line num="171" count="1" type="stmt"/>
          <line num="172" count="1" type="stmt"/>
          <line num="174" count="1" type="stmt"/>
          <line num="180" count="1" type="stmt"/>
          <line num="181" count="1" type="stmt"/>
          <line num="185" count="0" type="stmt"/>
          <line num="192" count="0" type="stmt"/>
          <line num="198" count="0" type="stmt"/>
          <line num="200" count="0" type="stmt"/>
          <line num="202" count="0" type="stmt"/>
          <line num="203" count="0" type="cond" truecount="0" falsecount="2"/>
          <line num="204" count="0" type="stmt"/>
          <line num="208" count="0" type="stmt"/>
          <line num="212" count="0" type="stmt"/>
          <line num="213" count="0" type="stmt"/>
          <line num="215" count="0" type="stmt"/>
          <line num="217" count="0" type="stmt"/>
          <line num="224" count="0" type="stmt"/>
          <line num="226" count="0" type="stmt"/>
          <line num="229" count="0" type="stmt"/>
          <line num="230" count="0" type="stmt"/>
          <line num="233" count="0" type="stmt"/>
          <line num="237" count="0" type="stmt"/>
          <line num="239" count="0" type="stmt"/>
          <line num="241" count="0" type="stmt"/>
          <line num="242" count="0" type="stmt"/>
          <line num="244" count="0" type="stmt"/>
          <line num="246" count="0" type="stmt"/>
          <line num="248" count="0" type="stmt"/>
          <line num="249" count="0" type="stmt"/>
          <line num="250" count="0" type="stmt"/>
          <line num="256" count="0" type="stmt"/>
          <line num="257" count="0" type="stmt"/>
          <line num="261" count="0" type="stmt"/>
          <line num="262" count="0" type="stmt"/>
          <line num="267" count="0" type="stmt"/>
          <line num="268" count="0" type="stmt"/>
          <line num="269" count="0" type="stmt"/>
          <line num="270" count="0" type="stmt"/>
          <line num="272" count="0" type="stmt"/>
          <line num="273" count="0" type="stmt"/>
          <line num="275" count="0" type="stmt"/>
          <line num="277" count="0" type="stmt"/>
          <line num="279" count="0" type="cond" truecount="0" falsecount="2"/>
          <line num="280" count="0" type="stmt"/>
          <line num="286" count="3" type="stmt"/>
          <line num="287" count="3" type="stmt"/>
          <line num="288" count="3" type="stmt"/>
          <line num="290" count="3" type="cond" truecount="2" falsecount="0"/>
          <line num="291" count="1" type="stmt"/>
          <line num="292" count="1" type="stmt"/>
          <line num="293" count="1" type="stmt"/>
          <line num="295" count="1" type="stmt"/>
          <line num="298" count="0" type="stmt"/>
          <line num="300" count="2" type="cond" truecount="2" falsecount="0"/>
          <line num="301" count="1" type="stmt"/>
          <line num="303" count="1" type="stmt"/>
          <line num="307" count="0" type="stmt"/>
          <line num="308" count="0" type="stmt"/>
          <line num="312" count="1" type="stmt"/>
        </file>
      </package>
    </metrics>
  </project>
</coverage>
