TN:
SF:/Volumes/encased/dev-portal/aws-api-gateway-developer-portal/lambdas/backend/express-route-handlers.js
FN:11,getCognitoIdentityId
FN:15,getUsagePlanFromCatalog
FN:17,(anonymous_2)
FN:17,(anonymous_3)
FN:20,postSignIn
FN:23,errFunc
FN:29,(anonymous_6)
FN:35,(anonymous_7)
FN:41,(anonymous_8)
FN:48,(anonymous_9)
FN:55,getCatalog
FN:57,(anonymous_11)
FN:58,(anonymous_12)
FN:61,getApiKey
FN:64,errFunc
FN:69,(anonymous_15)
FN:83,getSubscriptions
FN:86,errFunc
FN:91,(anonymous_18)
FN:96,putSubscription
FN:100,(anonymous_20)
FN:103,error
FN:108,success
FN:120,getUsage
FN:124,errFunc
FN:129,(anonymous_25)
FN:136,(anonymous_26)
FN:147,(anonymous_27)
FN:161,deleteSubscription
FN:165,error
FN:170,success
FN:174,(anonymous_31)
FN:185,postMarketplaceConfirm
FN:210,putMarketplaceSubscription
FN:217,error
FN:222,success
FN:226,subscribeCustomerToUsagePlan
FN:237,(anonymous_37)
FNF:38
FNH:0
FNDA:0,getCognitoIdentityId
FNDA:0,getUsagePlanFromCatalog
FNDA:0,(anonymous_2)
FNDA:0,(anonymous_3)
FNDA:0,postSignIn
FNDA:0,errFunc
FNDA:0,(anonymous_6)
FNDA:0,(anonymous_7)
FNDA:0,(anonymous_8)
FNDA:0,(anonymous_9)
FNDA:0,getCatalog
FNDA:0,(anonymous_11)
FNDA:0,(anonymous_12)
FNDA:0,getApiKey
FNDA:0,errFunc
FNDA:0,(anonymous_15)
FNDA:0,getSubscriptions
FNDA:0,errFunc
FNDA:0,(anonymous_18)
FNDA:0,putSubscription
FNDA:0,(anonymous_20)
FNDA:0,error
FNDA:0,success
FNDA:0,getUsage
FNDA:0,errFunc
FNDA:0,(anonymous_25)
FNDA:0,(anonymous_26)
FNDA:0,(anonymous_27)
FNDA:0,deleteSubscription
FNDA:0,error
FNDA:0,success
FNDA:0,(anonymous_31)
FNDA:0,postMarketplaceConfirm
FNDA:0,putMarketplaceSubscription
FNDA:0,error
FNDA:0,success
FNDA:0,subscribeCustomerToUsagePlan
FNDA:0,(anonymous_37)
DA:1,0
DA:2,0
DA:3,0
DA:4,0
DA:8,0
DA:9,0
DA:12,0
DA:16,0
DA:17,0
DA:21,0
DA:24,0
DA:25,0
DA:29,0
DA:30,0
DA:32,0
DA:33,0
DA:35,0
DA:36,0
DA:37,0
DA:39,0
DA:41,0
DA:42,0
DA:46,0
DA:48,0
DA:49,0
DA:56,0
DA:57,0
DA:58,0
DA:62,0
DA:65,0
DA:66,0
DA:69,0
DA:70,0
DA:71,0
DA:73,0
DA:74,0
DA:78,0
DA:84,0
DA:87,0
DA:88,0
DA:91,0
DA:92,0
DA:97,0
DA:98,0
DA:100,0
DA:101,0
DA:104,0
DA:105,0
DA:109,0
DA:112,0
DA:113,0
DA:115,0
DA:121,0
DA:122,0
DA:125,0
DA:126,0
DA:129,0
DA:130,0
DA:133,0
DA:134,0
DA:136,0
DA:137,0
DA:139,0
DA:147,0
DA:148,0
DA:149,0
DA:150,0
DA:152,0
DA:153,0
DA:162,0
DA:163,0
DA:166,0
DA:167,0
DA:171,0
DA:174,0
DA:175,0
DA:177,0
DA:178,0
DA:180,0
DA:189,0
DA:191,0
DA:192,0
DA:196,0
DA:199,0
DA:200,0
DA:204,0
DA:207,0
DA:211,0
DA:212,0
DA:213,0
DA:214,0
DA:215,0
DA:218,0
DA:219,0
DA:223,0
DA:227,0
DA:230,0
DA:232,0
DA:237,0
DA:238,0
DA:239,0
DA:240,0
DA:242,0
DA:246,0
DA:247,0
DA:252,0
LF:106
LH:0
BRDA:32,0,0,0
BRDA:32,0,1,0
BRDA:70,1,0,0
BRDA:70,1,1,0
BRDA:112,2,0,0
BRDA:112,2,1,0
BRDA:133,3,0,0
BRDA:133,3,1,0
BRDA:148,4,0,0
BRDA:148,4,1,0
BRDA:177,5,0,0
BRDA:177,5,1,0
BRDA:191,6,0,0
BRDA:191,6,1,0
BRDA:191,7,0,0
BRDA:191,7,1,0
BRDA:238,8,0,0
BRDA:238,8,1,0
BRF:18
BRH:0
end_of_record
TN:
SF:/Volumes/encased/dev-portal/aws-api-gateway-developer-portal/lambdas/backend/index.js
FN:9,(anonymous_0)
FNF:1
FNH:0
FNDA:0,(anonymous_0)
DA:5,0
DA:6,0
DA:7,0
DA:9,0
LF:4
LH:0
BRF:0
BRH:0
end_of_record
TN:
SF:/Volumes/encased/dev-portal/aws-api-gateway-developer-portal/lambdas/catalog-updater/index.js
FN:16,hash
FN:39,swaggerFileFilter
FN:64,getSwaggerFile
FN:74,(anonymous_3)
FN:167,usagePlanToCatalogObject
FN:176,(anonymous_5)
FN:180,(anonymous_6)
FN:183,(anonymous_7)
FN:197,buildCatalog
FN:206,(anonymous_9)
FN:214,(anonymous_10)
FN:214,(anonymous_11)
FN:233,handler
FN:242,(anonymous_13)
FN:251,(anonymous_14)
FN:261,(anonymous_15)
FNF:16
FNH:16
FNDA:4,hash
FNDA:13,swaggerFileFilter
FNDA:6,getSwaggerFile
FNDA:6,(anonymous_3)
FNDA:1,usagePlanToCatalogObject
FNDA:1,(anonymous_5)
FNDA:1,(anonymous_6)
FNDA:1,(anonymous_7)
FNDA:1,buildCatalog
FNDA:1,(anonymous_9)
FNDA:3,(anonymous_10)
FNDA:1,(anonymous_11)
FNDA:1,handler
FNDA:1,(anonymous_13)
FNDA:1,(anonymous_14)
FNDA:1,(anonymous_15)
DA:9,1
DA:10,1
DA:11,1
DA:12,1
DA:17,4
DA:18,4
DA:20,4
DA:21,80
DA:27,4
DA:40,13
DA:41,13
DA:42,13
DA:43,13
DA:44,13
DA:65,6
DA:69,6
DA:70,6
DA:71,6
DA:73,6
DA:75,6
DA:77,6
DA:79,6
DA:80,6
DA:82,0
DA:83,0
DA:85,0
DA:94,6
DA:96,6
DA:97,2
DA:98,2
DA:99,2
DA:104,4
DA:105,2
DA:106,2
DA:110,2
DA:113,1
DA:114,1
DA:115,1
DA:116,1
DA:120,1
DA:123,1
DA:124,1
DA:125,1
DA:126,1
DA:129,6
DA:168,1
DA:176,1
DA:177,1
DA:179,1
DA:181,1
DA:184,1
DA:185,1
DA:186,1
DA:188,1
DA:189,1
DA:194,1
DA:198,1
DA:200,1
DA:205,1
DA:207,1
DA:208,1
DA:209,1
DA:210,1
DA:213,1
DA:214,3
DA:216,1
DA:217,1
DA:218,1
DA:219,1
DA:223,1
DA:225,1
DA:234,1
DA:236,1
DA:237,1
DA:241,1
DA:243,1
DA:244,1
DA:248,1
DA:252,1
DA:258,1
DA:260,1
DA:261,1
DA:273,1
LF:83
LH:80
BRDA:41,0,0,13
BRDA:41,0,1,9
BRDA:41,0,2,7
BRDA:43,1,0,8
BRDA:43,1,1,5
BRDA:43,2,0,7
BRDA:43,2,1,6
BRDA:44,3,0,13
BRDA:44,3,1,8
BRDA:96,4,0,2
BRDA:96,4,1,4
BRDA:104,5,0,2
BRDA:104,5,1,2
BRDA:110,6,0,1
BRDA:110,6,1,1
BRDA:110,7,0,2
BRDA:110,7,1,1
BRDA:120,8,0,1
BRDA:120,8,1,0
BRDA:120,9,0,1
BRDA:120,9,1,1
BRF:21
BRH:20
end_of_record
TN:
SF:/Volumes/encased/dev-portal/aws-api-gateway-developer-portal/lambdas/cognito-user-pools-confirmation-strategy/index.js
FN:8,(anonymous_0)
FNF:1
FNH:1
FNDA:1,(anonymous_0)
DA:8,1
DA:9,1
LF:2
LH:2
BRF:0
BRH:0
end_of_record
TN:
SF:/Volumes/encased/dev-portal/aws-api-gateway-developer-portal/lambdas/listener/index.js
FN:9,(anonymous_0)
FN:38,subscribe
FN:41,err
FN:47,(anonymous_3)
FN:50,(anonymous_4)
FN:51,(anonymous_5)
FN:58,unsubscribe
FN:61,err
FN:67,(anonymous_8)
FN:70,(anonymous_9)
FN:71,(anonymous_10)
FNF:11
FNH:0
FNDA:0,(anonymous_0)
FNDA:0,subscribe
FNDA:0,err
FNDA:0,(anonymous_3)
FNDA:0,(anonymous_4)
FNDA:0,(anonymous_5)
FNDA:0,unsubscribe
FNDA:0,err
FNDA:0,(anonymous_8)
FNDA:0,(anonymous_9)
FNDA:0,(anonymous_10)
DA:5,0
DA:7,0
DA:9,0
DA:10,0
DA:12,0
DA:14,0
DA:15,0
DA:16,0
DA:18,0
DA:20,0
DA:21,0
DA:23,0
DA:24,0
DA:26,0
DA:27,0
DA:29,0
DA:30,0
DA:32,0
DA:33,0
DA:34,0
DA:39,0
DA:42,0
DA:43,0
DA:47,0
DA:48,0
DA:50,0
DA:51,0
DA:52,0
DA:59,0
DA:62,0
DA:63,0
DA:67,0
DA:68,0
DA:70,0
DA:71,0
DA:72,0
LF:36
LH:0
BRDA:19,0,0,0
BRDA:19,0,1,0
BRDA:19,0,2,0
BRDA:19,0,3,0
BRDA:19,0,4,0
BRF:5
BRH:0
end_of_record
TN:
SF:/Volumes/encased/dev-portal/aws-api-gateway-developer-portal/lambdas/static-asset-uploader/index.js
FN:22,notifyCFNThatUploadSucceeded
FN:35,notifyCFNThatUploadFailed
FN:49,sanitizeFilePath
FN:63,generalizeFilePath
FN:76,determineContentType
FN:100,(anonymous_5)
FN:101,(anonymous_6)
FN:116,(anonymous_7)
FN:117,(anonymous_8)
FN:150,cleanS3Bucket
FN:156,(anonymous_10)
FN:158,(anonymous_11)
FN:172,(anonymous_12)
FN:179,createCatalogDirectory
FN:184,addConfigFile
FN:211,processFile
FN:216,(anonymous_16)
FN:228,(anonymous_17)
FN:236,waitForUpload
FN:240,(anonymous_19)
FN:247,(anonymous_20)
FN:255,(anonymous_21)
FN:260,(anonymous_22)
FN:266,uploadStaticAssets
FN:273,(anonymous_24)
FN:275,(anonymous_25)
FN:277,(anonymous_26)
FN:278,(anonymous_27)
FN:285,handler
FN:293,(anonymous_29)
FN:294,(anonymous_30)
FN:297,(anonymous_31)
FNF:32
FNH:17
FNDA:1,notifyCFNThatUploadSucceeded
FNDA:2,notifyCFNThatUploadFailed
FNDA:4,sanitizeFilePath
FNDA:2,generalizeFilePath
FNDA:10,determineContentType
FNDA:1,(anonymous_5)
FNDA:2,(anonymous_6)
FNDA:3,(anonymous_7)
FNDA:6,(anonymous_8)
FNDA:2,cleanS3Bucket
FNDA:2,(anonymous_10)
FNDA:2,(anonymous_11)
FNDA:1,(anonymous_12)
FNDA:1,createCatalogDirectory
FNDA:0,addConfigFile
FNDA:0,processFile
FNDA:0,(anonymous_16)
FNDA:0,(anonymous_17)
FNDA:0,waitForUpload
FNDA:0,(anonymous_19)
FNDA:0,(anonymous_20)
FNDA:0,(anonymous_21)
FNDA:0,(anonymous_22)
FNDA:0,uploadStaticAssets
FNDA:0,(anonymous_24)
FNDA:0,(anonymous_25)
FNDA:0,(anonymous_26)
FNDA:0,(anonymous_27)
FNDA:3,handler
FNDA:1,(anonymous_29)
FNDA:1,(anonymous_30)
FNDA:0,(anonymous_31)
DA:3,1
DA:4,1
DA:5,1
DA:6,1
DA:7,1
DA:8,1
DA:9,1
DA:23,1
DA:24,1
DA:36,2
DA:37,2
DA:50,4
DA:51,5
DA:53,4
DA:64,2
DA:77,10
DA:78,10
DA:80,10
DA:81,10
DA:82,10
DA:83,10
DA:86,10
DA:88,10
DA:100,1
DA:101,1
DA:102,2
DA:103,2
DA:116,1
DA:117,3
DA:119,6
DA:120,2
DA:121,2
DA:124,4
DA:125,2
DA:129,2
DA:130,1
DA:131,1
DA:135,1
DA:137,6
DA:151,2
DA:155,2
DA:157,2
DA:158,2
DA:159,2
DA:160,2
DA:162,2
DA:169,2
DA:170,1
DA:171,1
DA:172,1
DA:174,1
DA:180,1
DA:181,1
DA:185,0
DA:192,0
DA:198,0
DA:200,0
DA:202,0
DA:203,0
DA:204,0
DA:208,0
DA:212,0
DA:213,0
DA:215,0
DA:217,0
DA:224,0
DA:226,0
DA:229,0
DA:230,0
DA:233,0
DA:237,0
DA:239,0
DA:241,0
DA:242,0
DA:244,0
DA:246,0
DA:248,0
DA:249,0
DA:250,0
DA:256,0
DA:257,0
DA:261,0
DA:262,0
DA:267,0
DA:268,0
DA:269,0
DA:270,0
DA:272,0
DA:273,0
DA:275,0
DA:277,0
DA:279,0
DA:280,0
DA:286,3
DA:287,3
DA:288,3
DA:290,3
DA:291,1
DA:292,1
DA:293,1
DA:295,1
DA:298,0
DA:300,2
DA:301,1
DA:303,1
DA:307,0
DA:308,0
DA:312,1
LF:108
LH:65
BRDA:36,0,0,1
BRDA:36,0,1,1
BRDA:80,1,0,1
BRDA:80,1,1,9
BRDA:81,2,0,1
BRDA:81,2,1,9
BRDA:82,3,0,2
BRDA:82,3,1,8
BRDA:83,4,0,2
BRDA:83,4,1,8
BRDA:83,5,0,10
BRDA:83,5,1,9
BRDA:83,5,2,8
BRDA:86,6,0,1
BRDA:86,6,1,9
BRDA:102,7,0,1
BRDA:102,7,1,1
BRDA:119,8,0,2
BRDA:119,8,1,4
BRDA:124,9,0,2
BRDA:124,9,1,2
BRDA:129,10,0,1
BRDA:129,10,1,1
BRDA:169,11,0,1
BRDA:169,11,1,1
BRDA:203,12,0,0
BRDA:203,12,1,0
BRDA:279,13,0,0
BRDA:279,13,1,0
BRDA:290,14,0,1
BRDA:290,14,1,2
BRDA:300,15,0,1
BRDA:300,15,1,1
BRF:33
BRH:29
end_of_record
