{"/Volumes/encased/dev-portal/aws-api-gateway-developer-portal/lambdas/catalog-updater/index.js": {"path":"/Volumes/encased/dev-portal/aws-api-gateway-developer-portal/lambdas/catalog-updater/index.js","statementMap":{"0":{"start":{"line":9,"column":10},"end":{"line":9,"column":28}},"1":{"start":{"line":10,"column":6},"end":{"line":10,"column":23}},"2":{"start":{"line":11,"column":9},"end":{"line":11,"column":27}},"3":{"start":{"line":12,"column":15},"end":{"line":12,"column":17}},"4":{"start":{"line":17,"column":15},"end":{"line":17,"column":19}},"5":{"start":{"line":18,"column":8},"end":{"line":18,"column":18}},"6":{"start":{"line":20,"column":2},"end":{"line":22,"column":3}},"7":{"start":{"line":21,"column":4},"end":{"line":21,"column":49}},"8":{"start":{"line":27,"column":2},"end":{"line":27,"column":22}},"9":{"start":{"line":40,"column":18},"end":{"line":40,"column":60}},"10":{"start":{"line":41,"column":17},"end":{"line":41,"column":84}},"11":{"start":{"line":42,"column":24},"end":{"line":42,"column":55}},"12":{"start":{"line":43,"column":2},"end":{"line":43,"column":141}},"13":{"start":{"line":44,"column":2},"end":{"line":44,"column":39}},"14":{"start":{"line":65,"column":15},"end":{"line":68,"column":3}},"15":{"start":{"line":69,"column":25},"end":{"line":69,"column":46}},"16":{"start":{"line":70,"column":24},"end":{"line":70,"column":59}},"17":{"start":{"line":71,"column":24},"end":{"line":71,"column":36}},"18":{"start":{"line":73,"column":2},"end":{"line":134,"column":6}},"19":{"start":{"line":75,"column":19},"end":{"line":75,"column":21}},"20":{"start":{"line":77,"column":6},"end":{"line":77,"column":49}},"21":{"start":{"line":79,"column":6},"end":{"line":89,"column":7}},"22":{"start":{"line":80,"column":8},"end":{"line":80,"column":57}},"23":{"start":{"line":82,"column":8},"end":{"line":88,"column":9}},"24":{"start":{"line":83,"column":10},"end":{"line":83,"column":62}},"25":{"start":{"line":85,"column":10},"end":{"line":87,"column":40}},"26":{"start":{"line":94,"column":27},"end":{"line":94,"column":105}},"27":{"start":{"line":96,"column":6},"end":{"line":127,"column":7}},"28":{"start":{"line":97,"column":8},"end":{"line":97,"column":68}},"29":{"start":{"line":98,"column":8},"end":{"line":98,"column":29}},"30":{"start":{"line":99,"column":8},"end":{"line":99,"column":34}},"31":{"start":{"line":104,"column":11},"end":{"line":127,"column":7}},"32":{"start":{"line":105,"column":8},"end":{"line":105,"column":75}},"33":{"start":{"line":106,"column":8},"end":{"line":106,"column":98}},"34":{"start":{"line":110,"column":11},"end":{"line":127,"column":7}},"35":{"start":{"line":113,"column":8},"end":{"line":113,"column":63}},"36":{"start":{"line":114,"column":8},"end":{"line":114,"column":67}},"37":{"start":{"line":115,"column":8},"end":{"line":115,"column":48}},"38":{"start":{"line":116,"column":8},"end":{"line":116,"column":99}},"39":{"start":{"line":120,"column":11},"end":{"line":127,"column":7}},"40":{"start":{"line":123,"column":8},"end":{"line":123,"column":73}},"41":{"start":{"line":124,"column":8},"end":{"line":124,"column":96}},"42":{"start":{"line":125,"column":8},"end":{"line":125,"column":48}},"43":{"start":{"line":126,"column":8},"end":{"line":126,"column":99}},"44":{"start":{"line":129,"column":6},"end":{"line":129,"column":19}},"45":{"start":{"line":168,"column":22},"end":{"line":174,"column":3}},"46":{"start":{"line":176,"column":2},"end":{"line":192,"column":4}},"47":{"start":{"line":177,"column":14},"end":{"line":177,"column":16}},"48":{"start":{"line":179,"column":4},"end":{"line":191,"column":14}},"49":{"start":{"line":181,"column":8},"end":{"line":181,"column":84}},"50":{"start":{"line":184,"column":10},"end":{"line":184,"column":44}},"51":{"start":{"line":185,"column":10},"end":{"line":185,"column":33}},"52":{"start":{"line":186,"column":10},"end":{"line":186,"column":36}},"53":{"start":{"line":188,"column":10},"end":{"line":188,"column":37}},"54":{"start":{"line":189,"column":10},"end":{"line":189,"column":38}},"55":{"start":{"line":194,"column":2},"end":{"line":194,"column":22}},"56":{"start":{"line":198,"column":2},"end":{"line":198,"column":66}},"57":{"start":{"line":200,"column":16},"end":{"line":203,"column":3}},"58":{"start":{"line":205,"column":2},"end":{"line":230,"column":6}},"59":{"start":{"line":207,"column":6},"end":{"line":207,"column":73}},"60":{"start":{"line":208,"column":23},"end":{"line":208,"column":35}},"61":{"start":{"line":209,"column":6},"end":{"line":211,"column":7}},"62":{"start":{"line":210,"column":10},"end":{"line":210,"column":87}},"63":{"start":{"line":213,"column":8},"end":{"line":221,"column":7}},"64":{"start":{"line":214,"column":36},"end":{"line":214,"column":45}},"65":{"start":{"line":216,"column":10},"end":{"line":216,"column":35}},"66":{"start":{"line":217,"column":10},"end":{"line":217,"column":28}},"67":{"start":{"line":218,"column":10},"end":{"line":218,"column":23}},"68":{"start":{"line":219,"column":10},"end":{"line":219,"column":18}},"69":{"start":{"line":223,"column":6},"end":{"line":223,"column":65}},"70":{"start":{"line":225,"column":6},"end":{"line":225,"column":20}},"71":{"start":{"line":234,"column":4},"end":{"line":234,"column":59}},"72":{"start":{"line":236,"column":4},"end":{"line":236,"column":58}},"73":{"start":{"line":237,"column":17},"end":{"line":239,"column":5}},"74":{"start":{"line":241,"column":4},"end":{"line":267,"column":8}},"75":{"start":{"line":243,"column":8},"end":{"line":243,"column":65}},"76":{"start":{"line":244,"column":23},"end":{"line":246,"column":38}},"77":{"start":{"line":248,"column":8},"end":{"line":248,"column":36}},"78":{"start":{"line":252,"column":21},"end":{"line":257,"column":9}},"79":{"start":{"line":258,"column":18},"end":{"line":258,"column":20}},"80":{"start":{"line":260,"column":8},"end":{"line":262,"column":109}},"81":{"start":{"line":261,"column":30},"end":{"line":261,"column":102}},"82":{"start":{"line":273,"column":0},"end":{"line":281,"column":1}}},"fnMap":{"0":{"name":"hash","decl":{"start":{"line":16,"column":9},"end":{"line":16,"column":13}},"loc":{"start":{"line":16,"column":19},"end":{"line":28,"column":1}},"line":16},"1":{"name":"swaggerFileFilter","decl":{"start":{"line":39,"column":9},"end":{"line":39,"column":26}},"loc":{"start":{"line":39,"column":33},"end":{"line":45,"column":1}},"line":39},"2":{"name":"getSwaggerFile","decl":{"start":{"line":64,"column":9},"end":{"line":64,"column":23}},"loc":{"start":{"line":64,"column":30},"end":{"line":135,"column":1}},"line":64},"3":{"name":"(anonymous_3)","decl":{"start":{"line":74,"column":10},"end":{"line":74,"column":11}},"loc":{"start":{"line":74,"column":22},"end":{"line":130,"column":5}},"line":74},"4":{"name":"usagePlanToCatalogObject","decl":{"start":{"line":167,"column":9},"end":{"line":167,"column":33}},"loc":{"start":{"line":167,"column":63},"end":{"line":195,"column":1}},"line":167},"5":{"name":"(anonymous_5)","decl":{"start":{"line":176,"column":33},"end":{"line":176,"column":34}},"loc":{"start":{"line":176,"column":47},"end":{"line":192,"column":3}},"line":176},"6":{"name":"(anonymous_6)","decl":{"start":{"line":180,"column":12},"end":{"line":180,"column":13}},"loc":{"start":{"line":180,"column":33},"end":{"line":182,"column":7}},"line":180},"7":{"name":"(anonymous_7)","decl":{"start":{"line":183,"column":11},"end":{"line":183,"column":12}},"loc":{"start":{"line":183,"column":32},"end":{"line":190,"column":7}},"line":183},"8":{"name":"buildCatalog","decl":{"start":{"line":197,"column":9},"end":{"line":197,"column":21}},"loc":{"start":{"line":197,"column":36},"end":{"line":231,"column":1}},"line":197},"9":{"name":"(anonymous_9)","decl":{"start":{"line":206,"column":10},"end":{"line":206,"column":11}},"loc":{"start":{"line":206,"column":22},"end":{"line":226,"column":5}},"line":206},"10":{"name":"(anonymous_10)","decl":{"start":{"line":214,"column":31},"end":{"line":214,"column":32}},"loc":{"start":{"line":214,"column":36},"end":{"line":214,"column":45}},"line":214},"11":{"name":"(anonymous_11)","decl":{"start":{"line":214,"column":51},"end":{"line":214,"column":52}},"loc":{"start":{"line":214,"column":56},"end":{"line":220,"column":9}},"line":214},"12":{"name":"handler","decl":{"start":{"line":233,"column":9},"end":{"line":233,"column":16}},"loc":{"start":{"line":233,"column":33},"end":{"line":268,"column":1}},"line":233},"13":{"name":"(anonymous_13)","decl":{"start":{"line":242,"column":12},"end":{"line":242,"column":13}},"loc":{"start":{"line":242,"column":24},"end":{"line":249,"column":7}},"line":242},"14":{"name":"(anonymous_14)","decl":{"start":{"line":251,"column":12},"end":{"line":251,"column":13}},"loc":{"start":{"line":251,"column":32},"end":{"line":263,"column":7}},"line":251},"15":{"name":"(anonymous_15)","decl":{"start":{"line":261,"column":16},"end":{"line":261,"column":17}},"loc":{"start":{"line":261,"column":30},"end":{"line":261,"column":102}},"line":261}},"branchMap":{"0":{"loc":{"start":{"line":41,"column":17},"end":{"line":41,"column":84}},"type":"binary-expr","locations":[{"start":{"line":41,"column":17},"end":{"line":41,"column":37}},{"start":{"line":41,"column":41},"end":{"line":41,"column":61}},{"start":{"line":41,"column":65},"end":{"line":41,"column":84}}],"line":41},"1":{"loc":{"start":{"line":43,"column":36},"end":{"line":43,"column":59}},"type":"cond-expr","locations":[{"start":{"line":43,"column":48},"end":{"line":43,"column":50}},{"start":{"line":43,"column":53},"end":{"line":43,"column":59}}],"line":43},"2":{"loc":{"start":{"line":43,"column":84},"end":{"line":43,"column":115}},"type":"cond-expr","locations":[{"start":{"line":43,"column":104},"end":{"line":43,"column":106}},{"start":{"line":43,"column":109},"end":{"line":43,"column":115}}],"line":43},"3":{"loc":{"start":{"line":44,"column":9},"end":{"line":44,"column":39}},"type":"binary-expr","locations":[{"start":{"line":44,"column":9},"end":{"line":44,"column":18}},{"start":{"line":44,"column":22},"end":{"line":44,"column":39}}],"line":44},"4":{"loc":{"start":{"line":96,"column":6},"end":{"line":127,"column":7}},"type":"if","locations":[{"start":{"line":96,"column":6},"end":{"line":127,"column":7}},{"start":{"line":96,"column":6},"end":{"line":127,"column":7}}],"line":96},"5":{"loc":{"start":{"line":104,"column":11},"end":{"line":127,"column":7}},"type":"if","locations":[{"start":{"line":104,"column":11},"end":{"line":127,"column":7}},{"start":{"line":104,"column":11},"end":{"line":127,"column":7}}],"line":104},"6":{"loc":{"start":{"line":110,"column":11},"end":{"line":127,"column":7}},"type":"if","locations":[{"start":{"line":110,"column":11},"end":{"line":127,"column":7}},{"start":{"line":110,"column":11},"end":{"line":127,"column":7}}],"line":110},"7":{"loc":{"start":{"line":110,"column":15},"end":{"line":110,"column":55}},"type":"binary-expr","locations":[{"start":{"line":110,"column":15},"end":{"line":110,"column":31}},{"start":{"line":110,"column":35},"end":{"line":110,"column":55}}],"line":110},"8":{"loc":{"start":{"line":120,"column":11},"end":{"line":127,"column":7}},"type":"if","locations":[{"start":{"line":120,"column":11},"end":{"line":127,"column":7}},{"start":{"line":120,"column":11},"end":{"line":127,"column":7}}],"line":120},"9":{"loc":{"start":{"line":120,"column":15},"end":{"line":120,"column":94}},"type":"binary-expr","locations":[{"start":{"line":120,"column":15},"end":{"line":120,"column":41}},{"start":{"line":120,"column":45},"end":{"line":120,"column":94}}],"line":120}},"s":{"0":1,"1":1,"2":1,"3":1,"4":4,"5":4,"6":4,"7":80,"8":4,"9":13,"10":13,"11":13,"12":13,"13":13,"14":6,"15":6,"16":6,"17":6,"18":6,"19":6,"20":6,"21":6,"22":6,"23":0,"24":0,"25":0,"26":6,"27":6,"28":2,"29":2,"30":2,"31":4,"32":2,"33":2,"34":2,"35":1,"36":1,"37":1,"38":1,"39":1,"40":1,"41":1,"42":1,"43":1,"44":6,"45":1,"46":1,"47":1,"48":1,"49":1,"50":1,"51":1,"52":1,"53":1,"54":1,"55":1,"56":1,"57":1,"58":1,"59":1,"60":1,"61":1,"62":1,"63":1,"64":3,"65":1,"66":1,"67":1,"68":1,"69":1,"70":1,"71":1,"72":1,"73":1,"74":1,"75":1,"76":1,"77":1,"78":1,"79":1,"80":1,"81":1,"82":1},"f":{"0":4,"1":13,"2":6,"3":6,"4":1,"5":1,"6":1,"7":1,"8":1,"9":1,"10":3,"11":1,"12":1,"13":1,"14":1,"15":1},"b":{"0":[13,9,7],"1":[8,5],"2":[7,6],"3":[13,8],"4":[2,4],"5":[2,2],"6":[1,1],"7":[2,1],"8":[1,0],"9":[1,1]},"_coverageSchema":"332fd63041d2c1bcb487cc26dd0d5f7d97098a6c","hash":"28738913f5c5d75e4d676fa83c9cb5642b8dc44a"}
,"/Volumes/encased/dev-portal/aws-api-gateway-developer-portal/lambdas/cognito-user-pools-confirmation-strategy/index.js": {"path":"/Volumes/encased/dev-portal/aws-api-gateway-developer-portal/lambdas/cognito-user-pools-confirmation-strategy/index.js","statementMap":{"0":{"start":{"line":8,"column":0},"end":{"line":10,"column":1}},"1":{"start":{"line":9,"column":4},"end":{"line":9,"column":47}},"2":{"start":{"line":9,"column":48},"end":{"line":9,"column":70}}},"fnMap":{"0":{"name":"(anonymous_0)","decl":{"start":{"line":8,"column":18},"end":{"line":8,"column":19}},"loc":{"start":{"line":8,"column":48},"end":{"line":10,"column":1}},"line":8}},"branchMap":{},"s":{"0":1,"1":1,"2":1},"f":{"0":1},"b":{},"_coverageSchema":"332fd63041d2c1bcb487cc26dd0d5f7d97098a6c","hash":"65596ec586d40f2b1430269904310481696741c4"}
,"/Volumes/encased/dev-portal/aws-api-gateway-developer-portal/lambdas/static-asset-uploader/index.js": {"path":"/Volumes/encased/dev-portal/aws-api-gateway-developer-portal/lambdas/static-asset-uploader/index.js","statementMap":{"0":{"start":{"line":3,"column":10},"end":{"line":3,"column":28}},"1":{"start":{"line":4,"column":15},"end":{"line":4,"column":38}},"2":{"start":{"line":5,"column":10},"end":{"line":5,"column":29}},"3":{"start":{"line":6,"column":11},"end":{"line":6,"column":26}},"4":{"start":{"line":7,"column":14},"end":{"line":7,"column":33}},"5":{"start":{"line":8,"column":8},"end":{"line":8,"column":25}},"6":{"start":{"line":9,"column":13},"end":{"line":9,"column":30}},"7":{"start":{"line":23,"column":15},"end":{"line":23,"column":90}},"8":{"start":{"line":24,"column":4},"end":{"line":24,"column":71}},"9":{"start":{"line":36,"column":23},"end":{"line":36,"column":56}},"10":{"start":{"line":37,"column":4},"end":{"line":37,"column":75}},"11":{"start":{"line":50,"column":4},"end":{"line":52,"column":5}},"12":{"start":{"line":51,"column":8},"end":{"line":51,"column":36}},"13":{"start":{"line":53,"column":4},"end":{"line":53,"column":19}},"14":{"start":{"line":64,"column":4},"end":{"line":64,"column":75}},"15":{"start":{"line":77,"column":20},"end":{"line":77,"column":45}},"16":{"start":{"line":78,"column":22},"end":{"line":78,"column":48}},"17":{"start":{"line":80,"column":4},"end":{"line":80,"column":55}},"18":{"start":{"line":80,"column":30},"end":{"line":80,"column":55}},"19":{"start":{"line":81,"column":4},"end":{"line":81,"column":53}},"20":{"start":{"line":81,"column":29},"end":{"line":81,"column":53}},"21":{"start":{"line":82,"column":4},"end":{"line":82,"column":66}},"22":{"start":{"line":82,"column":28},"end":{"line":82,"column":66}},"23":{"start":{"line":83,"column":4},"end":{"line":83,"column":110}},"24":{"start":{"line":83,"column":76},"end":{"line":83,"column":110}},"25":{"start":{"line":86,"column":4},"end":{"line":86,"column":60}},"26":{"start":{"line":86,"column":29},"end":{"line":86,"column":60}},"27":{"start":{"line":88,"column":4},"end":{"line":88,"column":22}},"28":{"start":{"line":100,"column":26},"end":{"line":105,"column":1}},"29":{"start":{"line":101,"column":4},"end":{"line":104,"column":6}},"30":{"start":{"line":102,"column":8},"end":{"line":102,"column":54}},"31":{"start":{"line":102,"column":39},"end":{"line":102,"column":54}},"32":{"start":{"line":103,"column":8},"end":{"line":103,"column":14}},"33":{"start":{"line":116,"column":36},"end":{"line":139,"column":1}},"34":{"start":{"line":117,"column":4},"end":{"line":138,"column":6}},"35":{"start":{"line":119,"column":8},"end":{"line":136,"column":9}},"36":{"start":{"line":120,"column":12},"end":{"line":120,"column":56}},"37":{"start":{"line":121,"column":12},"end":{"line":121,"column":27}},"38":{"start":{"line":124,"column":13},"end":{"line":136,"column":9}},"39":{"start":{"line":125,"column":12},"end":{"line":125,"column":27}},"40":{"start":{"line":129,"column":13},"end":{"line":136,"column":9}},"41":{"start":{"line":130,"column":12},"end":{"line":130,"column":60}},"42":{"start":{"line":131,"column":12},"end":{"line":131,"column":27}},"43":{"start":{"line":135,"column":12},"end":{"line":135,"column":49}},"44":{"start":{"line":137,"column":8},"end":{"line":137,"column":14}},"45":{"start":{"line":151,"column":17},"end":{"line":153,"column":5}},"46":{"start":{"line":155,"column":4},"end":{"line":176,"column":10}},"47":{"start":{"line":157,"column":12},"end":{"line":157,"column":69}},"48":{"start":{"line":158,"column":23},"end":{"line":161,"column":14}},"49":{"start":{"line":159,"column":16},"end":{"line":159,"column":58}},"50":{"start":{"line":160,"column":16},"end":{"line":160,"column":39}},"51":{"start":{"line":162,"column":21},"end":{"line":167,"column":13}},"52":{"start":{"line":169,"column":12},"end":{"line":175,"column":13}},"53":{"start":{"line":170,"column":14},"end":{"line":170,"column":129}},"54":{"start":{"line":171,"column":14},"end":{"line":172,"column":106}},"55":{"start":{"line":172,"column":34},"end":{"line":172,"column":105}},"56":{"start":{"line":174,"column":14},"end":{"line":174,"column":38}},"57":{"start":{"line":180,"column":17},"end":{"line":180,"column":72}},"58":{"start":{"line":181,"column":4},"end":{"line":181,"column":46}},"59":{"start":{"line":185,"column":23},"end":{"line":191,"column":9}},"60":{"start":{"line":192,"column":17},"end":{"line":197,"column":9}},"61":{"start":{"line":198,"column":18},"end":{"line":198,"column":20}},"62":{"start":{"line":200,"column":4},"end":{"line":200,"column":100}},"63":{"start":{"line":202,"column":17},"end":{"line":202,"column":59}},"64":{"start":{"line":203,"column":4},"end":{"line":206,"column":5}},"65":{"start":{"line":204,"column":8},"end":{"line":205,"column":93}},"66":{"start":{"line":208,"column":4},"end":{"line":208,"column":55}},"67":{"start":{"line":212,"column":19},"end":{"line":212,"column":32}},"68":{"start":{"line":213,"column":26},"end":{"line":213,"column":56}},"69":{"start":{"line":215,"column":4},"end":{"line":231,"column":10}},"70":{"start":{"line":217,"column":25},"end":{"line":223,"column":17}},"71":{"start":{"line":224,"column":26},"end":{"line":224,"column":28}},"72":{"start":{"line":226,"column":12},"end":{"line":226,"column":77}},"73":{"start":{"line":229,"column":12},"end":{"line":229,"column":53}},"74":{"start":{"line":230,"column":12},"end":{"line":230,"column":60}},"75":{"start":{"line":233,"column":4},"end":{"line":233,"column":38}},"76":{"start":{"line":237,"column":4},"end":{"line":237,"column":62}},"77":{"start":{"line":239,"column":4},"end":{"line":263,"column":10}},"78":{"start":{"line":241,"column":12},"end":{"line":241,"column":54}},"79":{"start":{"line":242,"column":12},"end":{"line":242,"column":74}},"80":{"start":{"line":244,"column":12},"end":{"line":244,"column":65}},"81":{"start":{"line":246,"column":12},"end":{"line":258,"column":18}},"82":{"start":{"line":248,"column":20},"end":{"line":248,"column":64}},"83":{"start":{"line":249,"column":20},"end":{"line":249,"column":82}},"84":{"start":{"line":250,"column":20},"end":{"line":253,"column":38}},"85":{"start":{"line":256,"column":20},"end":{"line":256,"column":95}},"86":{"start":{"line":257,"column":20},"end":{"line":257,"column":76}},"87":{"start":{"line":261,"column":12},"end":{"line":261,"column":67}},"88":{"start":{"line":262,"column":12},"end":{"line":262,"column":68}},"89":{"start":{"line":267,"column":27},"end":{"line":267,"column":46}},"90":{"start":{"line":268,"column":37},"end":{"line":268,"column":121}},"91":{"start":{"line":269,"column":23},"end":{"line":269,"column":25}},"92":{"start":{"line":270,"column":25},"end":{"line":270,"column":27}},"93":{"start":{"line":272,"column":4},"end":{"line":282,"column":75}},"94":{"start":{"line":273,"column":36},"end":{"line":273,"column":77}},"95":{"start":{"line":275,"column":36},"end":{"line":275,"column":87}},"96":{"start":{"line":277,"column":30},"end":{"line":277,"column":89}},"97":{"start":{"line":279,"column":12},"end":{"line":279,"column":96}},"98":{"start":{"line":280,"column":12},"end":{"line":280,"column":60}},"99":{"start":{"line":286,"column":4},"end":{"line":309,"column":5}},"100":{"start":{"line":287,"column":25},"end":{"line":287,"column":60}},"101":{"start":{"line":288,"column":29},"end":{"line":288,"column":57}},"102":{"start":{"line":290,"column":8},"end":{"line":305,"column":9}},"103":{"start":{"line":291,"column":12},"end":{"line":291,"column":91}},"104":{"start":{"line":292,"column":12},"end":{"line":299,"column":18}},"105":{"start":{"line":293,"column":28},"end":{"line":293,"column":67}},"106":{"start":{"line":295,"column":20},"end":{"line":295,"column":120}},"107":{"start":{"line":298,"column":20},"end":{"line":298,"column":76}},"108":{"start":{"line":300,"column":15},"end":{"line":305,"column":9}},"109":{"start":{"line":301,"column":12},"end":{"line":301,"column":117}},"110":{"start":{"line":303,"column":12},"end":{"line":304,"column":77}},"111":{"start":{"line":307,"column":8},"end":{"line":307,"column":55}},"112":{"start":{"line":308,"column":8},"end":{"line":308,"column":56}},"113":{"start":{"line":312,"column":0},"end":{"line":328,"column":1}}},"fnMap":{"0":{"name":"notifyCFNThatUploadSucceeded","decl":{"start":{"line":22,"column":9},"end":{"line":22,"column":37}},"loc":{"start":{"line":22,"column":68},"end":{"line":25,"column":1}},"line":22},"1":{"name":"notifyCFNThatUploadFailed","decl":{"start":{"line":35,"column":9},"end":{"line":35,"column":34}},"loc":{"start":{"line":35,"column":58},"end":{"line":38,"column":1}},"line":35},"2":{"name":"sanitizeFilePath","decl":{"start":{"line":49,"column":9},"end":{"line":49,"column":25}},"loc":{"start":{"line":49,"column":36},"end":{"line":54,"column":1}},"line":49},"3":{"name":"generalizeFilePath","decl":{"start":{"line":63,"column":9},"end":{"line":63,"column":27}},"loc":{"start":{"line":63,"column":38},"end":{"line":65,"column":1}},"line":63},"4":{"name":"determineContentType","decl":{"start":{"line":76,"column":9},"end":{"line":76,"column":29}},"loc":{"start":{"line":76,"column":40},"end":{"line":89,"column":1}},"line":76},"5":{"name":"(anonymous_5)","decl":{"start":{"line":100,"column":26},"end":{"line":100,"column":27}},"loc":{"start":{"line":100,"column":32},"end":{"line":105,"column":1}},"line":100},"6":{"name":"(anonymous_6)","decl":{"start":{"line":101,"column":23},"end":{"line":101,"column":24}},"loc":{"start":{"line":101,"column":50},"end":{"line":104,"column":5}},"line":101},"7":{"name":"(anonymous_7)","decl":{"start":{"line":116,"column":36},"end":{"line":116,"column":37}},"loc":{"start":{"line":116,"column":64},"end":{"line":139,"column":1}},"line":116},"8":{"name":"(anonymous_8)","decl":{"start":{"line":117,"column":23},"end":{"line":117,"column":24}},"loc":{"start":{"line":117,"column":50},"end":{"line":138,"column":5}},"line":117},"9":{"name":"cleanS3Bucket","decl":{"start":{"line":150,"column":9},"end":{"line":150,"column":22}},"loc":{"start":{"line":150,"column":35},"end":{"line":177,"column":1}},"line":150},"10":{"name":"(anonymous_10)","decl":{"start":{"line":156,"column":14},"end":{"line":156,"column":15}},"loc":{"start":{"line":156,"column":24},"end":{"line":176,"column":9}},"line":156},"11":{"name":"(anonymous_11)","decl":{"start":{"line":158,"column":46},"end":{"line":158,"column":47}},"loc":{"start":{"line":158,"column":55},"end":{"line":161,"column":13}},"line":158},"12":{"name":"(anonymous_12)","decl":{"start":{"line":172,"column":22},"end":{"line":172,"column":23}},"loc":{"start":{"line":172,"column":34},"end":{"line":172,"column":105}},"line":172},"13":{"name":"createCatalogDirectory","decl":{"start":{"line":179,"column":9},"end":{"line":179,"column":31}},"loc":{"start":{"line":179,"column":50},"end":{"line":182,"column":1}},"line":179},"14":{"name":"addConfigFile","decl":{"start":{"line":184,"column":9},"end":{"line":184,"column":22}},"loc":{"start":{"line":184,"column":42},"end":{"line":209,"column":1}},"line":184},"15":{"name":"processFile","decl":{"start":{"line":211,"column":9},"end":{"line":211,"column":20}},"loc":{"start":{"line":211,"column":73},"end":{"line":234,"column":1}},"line":211},"16":{"name":"(anonymous_16)","decl":{"start":{"line":216,"column":14},"end":{"line":216,"column":15}},"loc":{"start":{"line":216,"column":29},"end":{"line":227,"column":9}},"line":216},"17":{"name":"(anonymous_17)","decl":{"start":{"line":228,"column":15},"end":{"line":228,"column":16}},"loc":{"start":{"line":228,"column":24},"end":{"line":231,"column":9}},"line":228},"18":{"name":"waitForUpload","decl":{"start":{"line":236,"column":9},"end":{"line":236,"column":22}},"loc":{"start":{"line":236,"column":65},"end":{"line":264,"column":1}},"line":236},"19":{"name":"(anonymous_19)","decl":{"start":{"line":240,"column":14},"end":{"line":240,"column":15}},"loc":{"start":{"line":240,"column":20},"end":{"line":259,"column":9}},"line":240},"20":{"name":"(anonymous_20)","decl":{"start":{"line":247,"column":22},"end":{"line":247,"column":23}},"loc":{"start":{"line":247,"column":28},"end":{"line":254,"column":17}},"line":247},"21":{"name":"(anonymous_21)","decl":{"start":{"line":255,"column":23},"end":{"line":255,"column":24}},"loc":{"start":{"line":255,"column":32},"end":{"line":258,"column":17}},"line":255},"22":{"name":"(anonymous_22)","decl":{"start":{"line":260,"column":15},"end":{"line":260,"column":16}},"loc":{"start":{"line":260,"column":24},"end":{"line":263,"column":9}},"line":260},"23":{"name":"uploadStaticAssets","decl":{"start":{"line":266,"column":9},"end":{"line":266,"column":27}},"loc":{"start":{"line":266,"column":56},"end":{"line":283,"column":1}},"line":266},"24":{"name":"(anonymous_24)","decl":{"start":{"line":273,"column":21},"end":{"line":273,"column":22}},"loc":{"start":{"line":273,"column":36},"end":{"line":273,"column":77}},"line":273},"25":{"name":"(anonymous_25)","decl":{"start":{"line":275,"column":21},"end":{"line":275,"column":22}},"loc":{"start":{"line":275,"column":36},"end":{"line":275,"column":87}},"line":275},"26":{"name":"(anonymous_26)","decl":{"start":{"line":277,"column":20},"end":{"line":277,"column":21}},"loc":{"start":{"line":277,"column":30},"end":{"line":277,"column":89}},"line":277},"27":{"name":"(anonymous_27)","decl":{"start":{"line":278,"column":21},"end":{"line":278,"column":22}},"loc":{"start":{"line":278,"column":38},"end":{"line":281,"column":9}},"line":278},"28":{"name":"handler","decl":{"start":{"line":285,"column":9},"end":{"line":285,"column":16}},"loc":{"start":{"line":285,"column":33},"end":{"line":310,"column":1}},"line":285},"29":{"name":"(anonymous_29)","decl":{"start":{"line":293,"column":22},"end":{"line":293,"column":23}},"loc":{"start":{"line":293,"column":28},"end":{"line":293,"column":67}},"line":293},"30":{"name":"(anonymous_30)","decl":{"start":{"line":294,"column":22},"end":{"line":294,"column":23}},"loc":{"start":{"line":294,"column":28},"end":{"line":296,"column":17}},"line":294},"31":{"name":"(anonymous_31)","decl":{"start":{"line":297,"column":23},"end":{"line":297,"column":24}},"loc":{"start":{"line":297,"column":34},"end":{"line":299,"column":17}},"line":297}},"branchMap":{"0":{"loc":{"start":{"line":36,"column":23},"end":{"line":36,"column":56}},"type":"cond-expr","locations":[{"start":{"line":36,"column":37},"end":{"line":36,"column":48}},{"start":{"line":36,"column":51},"end":{"line":36,"column":56}}],"line":36},"1":{"loc":{"start":{"line":80,"column":4},"end":{"line":80,"column":55}},"type":"if","locations":[{"start":{"line":80,"column":4},"end":{"line":80,"column":55}},{"start":{"line":80,"column":4},"end":{"line":80,"column":55}}],"line":80},"2":{"loc":{"start":{"line":81,"column":4},"end":{"line":81,"column":53}},"type":"if","locations":[{"start":{"line":81,"column":4},"end":{"line":81,"column":53}},{"start":{"line":81,"column":4},"end":{"line":81,"column":53}}],"line":81},"3":{"loc":{"start":{"line":82,"column":4},"end":{"line":82,"column":66}},"type":"if","locations":[{"start":{"line":82,"column":4},"end":{"line":82,"column":66}},{"start":{"line":82,"column":4},"end":{"line":82,"column":66}}],"line":82},"4":{"loc":{"start":{"line":83,"column":4},"end":{"line":83,"column":110}},"type":"if","locations":[{"start":{"line":83,"column":4},"end":{"line":83,"column":110}},{"start":{"line":83,"column":4},"end":{"line":83,"column":110}}],"line":83},"5":{"loc":{"start":{"line":83,"column":8},"end":{"line":83,"column":74}},"type":"binary-expr","locations":[{"start":{"line":83,"column":8},"end":{"line":83,"column":27}},{"start":{"line":83,"column":31},"end":{"line":83,"column":51}},{"start":{"line":83,"column":55},"end":{"line":83,"column":74}}],"line":83},"6":{"loc":{"start":{"line":86,"column":4},"end":{"line":86,"column":60}},"type":"if","locations":[{"start":{"line":86,"column":4},"end":{"line":86,"column":60}},{"start":{"line":86,"column":4},"end":{"line":86,"column":60}}],"line":86},"7":{"loc":{"start":{"line":102,"column":8},"end":{"line":102,"column":54}},"type":"if","locations":[{"start":{"line":102,"column":8},"end":{"line":102,"column":54}},{"start":{"line":102,"column":8},"end":{"line":102,"column":54}}],"line":102},"8":{"loc":{"start":{"line":119,"column":8},"end":{"line":136,"column":9}},"type":"if","locations":[{"start":{"line":119,"column":8},"end":{"line":136,"column":9}},{"start":{"line":119,"column":8},"end":{"line":136,"column":9}}],"line":119},"9":{"loc":{"start":{"line":124,"column":13},"end":{"line":136,"column":9}},"type":"if","locations":[{"start":{"line":124,"column":13},"end":{"line":136,"column":9}},{"start":{"line":124,"column":13},"end":{"line":136,"column":9}}],"line":124},"10":{"loc":{"start":{"line":129,"column":13},"end":{"line":136,"column":9}},"type":"if","locations":[{"start":{"line":129,"column":13},"end":{"line":136,"column":9}},{"start":{"line":129,"column":13},"end":{"line":136,"column":9}}],"line":129},"11":{"loc":{"start":{"line":169,"column":12},"end":{"line":175,"column":13}},"type":"if","locations":[{"start":{"line":169,"column":12},"end":{"line":175,"column":13}},{"start":{"line":169,"column":12},"end":{"line":175,"column":13}}],"line":169},"12":{"loc":{"start":{"line":203,"column":4},"end":{"line":206,"column":5}},"type":"if","locations":[{"start":{"line":203,"column":4},"end":{"line":206,"column":5}},{"start":{"line":203,"column":4},"end":{"line":206,"column":5}}],"line":203},"13":{"loc":{"start":{"line":279,"column":66},"end":{"line":279,"column":83}},"type":"binary-expr","locations":[{"start":{"line":279,"column":66},"end":{"line":279,"column":70}},{"start":{"line":279,"column":74},"end":{"line":279,"column":83}}],"line":279},"14":{"loc":{"start":{"line":290,"column":8},"end":{"line":305,"column":9}},"type":"if","locations":[{"start":{"line":290,"column":8},"end":{"line":305,"column":9}},{"start":{"line":290,"column":8},"end":{"line":305,"column":9}}],"line":290},"15":{"loc":{"start":{"line":300,"column":15},"end":{"line":305,"column":9}},"type":"if","locations":[{"start":{"line":300,"column":15},"end":{"line":305,"column":9}},{"start":{"line":300,"column":15},"end":{"line":305,"column":9}}],"line":300}},"s":{"0":1,"1":1,"2":1,"3":1,"4":1,"5":1,"6":1,"7":1,"8":1,"9":2,"10":2,"11":4,"12":5,"13":4,"14":2,"15":10,"16":10,"17":10,"18":1,"19":10,"20":1,"21":10,"22":2,"23":10,"24":2,"25":10,"26":1,"27":10,"28":1,"29":1,"30":2,"31":1,"32":2,"33":1,"34":3,"35":6,"36":2,"37":2,"38":4,"39":2,"40":2,"41":1,"42":1,"43":1,"44":6,"45":2,"46":2,"47":2,"48":2,"49":2,"50":2,"51":2,"52":2,"53":1,"54":1,"55":1,"56":1,"57":1,"58":1,"59":1,"60":1,"61":1,"62":1,"63":1,"64":1,"65":1,"66":1,"67":1,"68":1,"69":1,"70":1,"71":1,"72":1,"73":0,"74":0,"75":1,"76":0,"77":0,"78":0,"79":0,"80":0,"81":0,"82":0,"83":0,"84":0,"85":0,"86":0,"87":0,"88":0,"89":0,"90":0,"91":0,"92":0,"93":0,"94":0,"95":0,"96":0,"97":0,"98":0,"99":3,"100":3,"101":3,"102":3,"103":1,"104":1,"105":1,"106":1,"107":0,"108":2,"109":1,"110":1,"111":0,"112":0,"113":1},"f":{"0":1,"1":2,"2":4,"3":2,"4":10,"5":1,"6":2,"7":3,"8":6,"9":2,"10":2,"11":2,"12":1,"13":1,"14":1,"15":1,"16":1,"17":0,"18":0,"19":0,"20":0,"21":0,"22":0,"23":0,"24":0,"25":0,"26":0,"27":0,"28":3,"29":1,"30":1,"31":0},"b":{"0":[1,1],"1":[1,9],"2":[1,9],"3":[2,8],"4":[2,8],"5":[10,9,8],"6":[1,9],"7":[1,1],"8":[2,4],"9":[2,2],"10":[1,1],"11":[1,1],"12":[1,0],"13":[0,0],"14":[1,2],"15":[1,1]},"_coverageSchema":"332fd63041d2c1bcb487cc26dd0d5f7d97098a6c","hash":"94ddb41a03b306475305afa57b3b50ab3eea371a"}
}
